]quit 
Shutting down sound system
...releasing DS object
...freeing DSOUND.DLL
Cmd_RemoveCommand: +use not added
Cmd_RemoveCommand: -use not added
Winsock Initialized
------- angel script initialization -------
Loading angelwrap module.
Initializing Angel Script
Initialization of angelwrap successful
------------------------------------
Game running at 62 fps. Server transmit at 20 pps
Console initialized.

----- R_Init -----
Initializing OpenGL display
...setting mode -1: 1280 720 W
...setting windowed mode
GL PFD: color(32-bits) Z(24-bit) stencil(8-bits)

GL_VENDOR: ATI Technologies Inc.
GL_RENDERER: Radeon RX 580 Series
GL_VERSION: 4.6.13596 Compatibility Profile Context 20.10.35.02 27.20.1034.6
GL_EXTENSIONS: GL_AMDX_debug_output GL_AMD_blend_minmax_factor GL_AMD_conservative_depth GL_AMD_debug_output GL_AMD_depth_clamp_separate GL_AMD_draw_buffers_blend GL_AMD_framebuffer_sample_positions GL_AMD_gcn_shader GL_AMD_gpu_shader_half_float GL_AMD_gpu_shader_int16 GL_AMD_gpu_shader_int64 GL_AMD_interleaved_elements GL_AMD_multi_draw_indirect GL_AMD_name_gen_delete GL_AMD_occlusion_query_event GL_AMD_performance_monitor GL_AMD_pinned_memory GL_AMD_query_buffer_object GL_AMD_sample_positions GL_AMD_seamless_cubemap_per_texture GL_AMD_shader_atomic_counter_ops GL_AMD_shader_stencil_export GL_AMD_shader_stencil_value_export GL_AMD_shader_trace GL_AMD_shader_trinary_minmax GL_AMD_sparse_texture GL_AMD_sparse_texture_pool GL_AMD_stencil_operation_extended GL_AMD_texture_cube_map_array GL_AMD_texture_texture4 GL_AMD_transform_feedback3_lines_triangles GL_AMD_transform_feedback4 GL_AMD_vertex_shader_layer GL_AMD_vertex_shader_viewport_index GL_ARB_ES2_compatibility GL_ARB_ES3_1_compatibility GL_ARB_ES3_compatibility GL_ARB_arrays_of_arrays GL_ARB_base_instance GL_ARB_bindless_texture GL_ARB_blend_func_extended GL_ARB_buffer_storage GL_ARB_clear_buffer_object GL_ARB_clear_texture GL_ARB_clip_control GL_ARB_color_buffer_float GL_ARB_compatibility GL_ARB_compressed_texture_pixel_storage GL_ARB_compute_shader GL_ARB_conditional_render_inverted GL_ARB_conservative_depth GL_ARB_copy_buffer GL_ARB_copy_image GL_ARB_cull_distance GL_ARB_debug_output GL_ARB_depth_buffer_float GL_ARB_depth_clamp GL_ARB_depth_texture GL_ARB_derivative_control GL_ARB_direct_state_access GL_ARB_draw_buffers GL_ARB_draw_buffers_blend GL_ARB_draw_elements_base_vertex GL_ARB_draw_indirect GL_ARB_draw_instanced GL_ARB_enhanced_layouts GL_ARB_explicit_attrib_location GL_ARB_explicit_uniform_location GL_ARB_fragment_coord_conventions GL_ARB_fragment_layer_viewport GL_ARB_fragment_program GL_ARB_fragment_program_shadow GL_ARB_fragment_shader GL_ARB_framebuffer_no_attachments GL_ARB_framebuffer_object GL_ARB_framebuffer_sRGB GL_ARB_geometry_shader4 GL_ARB_get_program_binary GL_ARB_get_texture_sub_image GL_ARB_gl_spirv GL_ARB_gpu_shader5 GL_ARB_gpu_shader_fp64 GL_ARB_half_float_pixel GL_ARB_half_float_vertex GL_ARB_imaging GL_ARB_indirect_parameters GL_ARB_instanced_arrays GL_ARB_internalformat_query GL_ARB_internalformat_query2 GL_ARB_invalidate_subdata GL_ARB_map_buffer_alignment GL_ARB_map_buffer_range GL_ARB_multi_bind GL_ARB_multi_draw_indirect GL_ARB_multisample GL_ARB_multitexture GL_ARB_occlusion_query GL_ARB_occlusion_query2 GL_ARB_parallel_shader_compile GL_ARB_pipeline_statistics_query GL_ARB_pixel_buffer_object GL_ARB_point_parameters GL_ARB_point_sprite GL_ARB_polygon_offset_clamp GL_ARB_program_interface_query GL_ARB_provoking_vertex GL_ARB_query_buffer_object GL_ARB_robust_buffer_access_behavior GL_ARB_sample_shading GL_ARB_sampler_objects GL_ARB_seamless_cube_map GL_ARB_seamless_cubemap_per_texture GL_ARB_separate_shader_objects GL_ARB_shader_atomic_counter_ops GL_ARB_shader_atomic_counters GL_ARB_shader_ballot GL_ARB_shader_bit_encoding GL_GLW_EXTENSIONS: WGL_ARB_extensions_string WGL_ARB_pixel_format WGL_ATI_pixel_format_float WGL_ARB_pixel_format_float WGL_ARB_multisample WGL_EXT_swap_control WGL_EXT_swap_control_tear WGL_ARB_pbuffer WGL_ARB_render_texture WGL_ARB_make_current_read WGL_EXT_extensions_string WGL_ARB_buffer_region WGL_EXT_framebuffer_sRGB WGL_ATI_render_texture_rectangle WGL_EXT_pixel_format_packed_float WGL_I3D_genlock WGL_NV_swap_group WGL_ARB_create_context WGL_AMD_gpu_association WGL_ARB_create_context_profile WGL_ARB_context_flush_control WGL_NV_DX_interop WGL_ARB_create_context_no_error WGL_NV_DX_interop2 WGL_NV_float_buffer
GL_MAX_TEXTURE_SIZE: 16384
GL_MAX_TEXTURE_UNITS: 8
GL_MAX_CUBE_MAP_TEXTURE_SIZE: 16384
GL_MAX_3D_TEXTURE_SIZE: 2048
GL_MAX_TEXTURE_MAX_ANISOTROPY: 16
GL_MAX_VARYING_FLOATS: 128

mode: -1, windowed
CDS: enabled
picmip: 0
texturemode: GL_LINEAR_MIPMAP_LINEAR
anisotropic filtering: 1
vertical sync: disabled
multitexture: enabled
compiled_vertex_array: enabled
vertex_buffer_object: disabled
texture3D: enabled
draw_range_elements: enabled
occlusion_query: enabled
framebuffer_object: enabled
texture_env_add: enabled
texture_env_combine: enabled
texture_compression: disabled
texture_edge_clamp: enabled
texture_filter_anisotropic: enabled
texture_cube_map: enabled
bgra: enabled
depth_texture: enabled
shadow: enabled
generate_mipmap: enabled
texture_non_power_of_two: enabled
vertex_shader: enabled
fragment_shader: enabled
shader_objects: enabled
shading_language_100: enabled
GLSL: enabled
gamma_control: disabled
swap_control: enabled
----- finished R_Init -----
Unknown command "menu_main"
------- sound initialization -------
Loading sound module: qf
Initializing DirectSound
...loading dsound.dll: ok
...creating DS object: ok
...completed successfully
dsound init succeeded
Sound sampling rate: 44100
Initialization of qf successful
------------------------------------

------- input initialization -------
DirectInput initialized
joystick not found -- no valid joysticks (a5)
------------------------------------

Initializing Shaders:
...loading 'scripts/common.shader'
...loading 'scripts/dcc.shader'
...loading 'scripts/extra.shader'
...loading 'scripts/gfx.shader'
...loading 'scripts/hud.shader'
...loading 'scripts/mapmodels.shader'
...loading 'scripts/medistat.shader'
...loading 'scripts/playerclasses.shader'
...loading 'scripts/samples.shader'
...loading 'scripts/skybox.shader'
...loading 'scripts/terra.shader'
...loading 'scripts/tesla.shader'
...loading 'scripts/ui.shader'
...loading 'scripts/water.shader'
...loading 'scripts/weaponmodels.shader'
...loading 'scripts/world.shader'
--------------------------------------

====== NewProj Initialized ======
Opening IP socket: localhost:44400
Opening IP socket: localhost:47278
==== Initializing Game Module ====
------- Server Initialization -------
Created OcTree space partition with 1511 nodes in 4 levels
* Initializing gametype scripts
* Initializing Game module syntax
* Loaded script section 'progs/gametypes/breach.as'

INFO : breach.as (line 385, column 1) :
 Compiling void GT_Frame()

ERROR : breach.as (line 387, column 23) :
 'game' is not declared

ERROR : breach.as (line 389, column 23) :
 Illegal operation on 'int'

ERROR : breach.as (line 390, column 11) :
 'inuse' is not a member of 'cEntity'

ERROR : breach.as (line 390, column 7) :
 Expression must be of boolean type

ERROR : breach.as (line 393, column 10) :
 'className' is not a member of 'cEntity'

ERROR : breach.as (line 393, column 7) :
 Expression must be of boolean type

ERROR : breach.as (line 397, column 10) :
 'className' is not a member of 'cEntity'

ERROR : breach.as (line 397, column 7) :
 Expression must be of boolean type
* Failed to build the script breach
Failed to initialize gametype: 'progs/gametypes/breach.gt'.
-------------------------------------
Connecting to loopback...
loopback: challenge 27023
player^7 connected from loopback
loopback: client_connect

^1
^7terra

Asking to download: sounds/nosound.wav
Server refused download request: File not found
Asking to download: sounds/misc/hit_water.wav
Server refused download request: File not found
trap_CM_NumInlineModels 1
Created OcTree space partition with 1511 nodes in 4 levels
CG_ParseRotationBone: No such bone name Bip01 Spine2 in model soldier
CG_SkeletalPoseLerpAttachment: Wrong model or boneposes tag_barrel
player ^7entered the game
]quit 
==== G_Shutdown ====
Shutting down sound system
...releasing DS object
...freeing DSOUND.DLL
Cmd_RemoveCommand: +use not added
Cmd_RemoveCommand: -use not added
Winsock Initialized
------- angel script initialization -------
Loading angelwrap module.
Initializing Angel Script
Initialization of angelwrap successful
------------------------------------
Game running at 62 fps. Server transmit at 20 pps
Console initialized.

----- R_Init -----
Initializing OpenGL display
...setting mode -1: 1280 720 W
...setting windowed mode
GL PFD: color(32-bits) Z(24-bit) stencil(8-bits)

GL_VENDOR: ATI Technologies Inc.
GL_RENDERER: Radeon RX 580 Series
GL_VERSION: 4.6.13596 Compatibility Profile Context 20.10.35.02 27.20.1034.6
GL_EXTENSIONS: GL_AMDX_debug_output GL_AMD_blend_minmax_factor GL_AMD_conservative_depth GL_AMD_debug_output GL_AMD_depth_clamp_separate GL_AMD_draw_buffers_blend GL_AMD_framebuffer_sample_positions GL_AMD_gcn_shader GL_AMD_gpu_shader_half_float GL_AMD_gpu_shader_int16 GL_AMD_gpu_shader_int64 GL_AMD_interleaved_elements GL_AMD_multi_draw_indirect GL_AMD_name_gen_delete GL_AMD_occlusion_query_event GL_AMD_performance_monitor GL_AMD_pinned_memory GL_AMD_query_buffer_object GL_AMD_sample_positions GL_AMD_seamless_cubemap_per_texture GL_AMD_shader_atomic_counter_ops GL_AMD_shader_stencil_export GL_AMD_shader_stencil_value_export GL_AMD_shader_trace GL_AMD_shader_trinary_minmax GL_AMD_sparse_texture GL_AMD_sparse_texture_pool GL_AMD_stencil_operation_extended GL_AMD_texture_cube_map_array GL_AMD_texture_texture4 GL_AMD_transform_feedback3_lines_triangles GL_AMD_transform_feedback4 GL_AMD_vertex_shader_layer GL_AMD_vertex_shader_viewport_index GL_ARB_ES2_compatibility GL_ARB_ES3_1_compatibility GL_ARB_ES3_compatibility GL_ARB_arrays_of_arrays GL_ARB_base_instance GL_ARB_bindless_texture GL_ARB_blend_func_extended GL_ARB_buffer_storage GL_ARB_clear_buffer_object GL_ARB_clear_texture GL_ARB_clip_control GL_ARB_color_buffer_float GL_ARB_compatibility GL_ARB_compressed_texture_pixel_storage GL_ARB_compute_shader GL_ARB_conditional_render_inverted GL_ARB_conservative_depth GL_ARB_copy_buffer GL_ARB_copy_image GL_ARB_cull_distance GL_ARB_debug_output GL_ARB_depth_buffer_float GL_ARB_depth_clamp GL_ARB_depth_texture GL_ARB_derivative_control GL_ARB_direct_state_access GL_ARB_draw_buffers GL_ARB_draw_buffers_blend GL_ARB_draw_elements_base_vertex GL_ARB_draw_indirect GL_ARB_draw_instanced GL_ARB_enhanced_layouts GL_ARB_explicit_attrib_location GL_ARB_explicit_uniform_location GL_ARB_fragment_coord_conventions GL_ARB_fragment_layer_viewport GL_ARB_fragment_program GL_ARB_fragment_program_shadow GL_ARB_fragment_shader GL_ARB_framebuffer_no_attachments GL_ARB_framebuffer_object GL_ARB_framebuffer_sRGB GL_ARB_geometry_shader4 GL_ARB_get_program_binary GL_ARB_get_texture_sub_image GL_ARB_gl_spirv GL_ARB_gpu_shader5 GL_ARB_gpu_shader_fp64 GL_ARB_half_float_pixel GL_ARB_half_float_vertex GL_ARB_imaging GL_ARB_indirect_parameters GL_ARB_instanced_arrays GL_ARB_internalformat_query GL_ARB_internalformat_query2 GL_ARB_invalidate_subdata GL_ARB_map_buffer_alignment GL_ARB_map_buffer_range GL_ARB_multi_bind GL_ARB_multi_draw_indirect GL_ARB_multisample GL_ARB_multitexture GL_ARB_occlusion_query GL_ARB_occlusion_query2 GL_ARB_parallel_shader_compile GL_ARB_pipeline_statistics_query GL_ARB_pixel_buffer_object GL_ARB_point_parameters GL_ARB_point_sprite GL_ARB_polygon_offset_clamp GL_ARB_program_interface_query GL_ARB_provoking_vertex GL_ARB_query_buffer_object GL_ARB_robust_buffer_access_behavior GL_ARB_sample_shading GL_ARB_sampler_objects GL_ARB_seamless_cube_map GL_ARB_seamless_cubemap_per_texture GL_ARB_separate_shader_objects GL_ARB_shader_atomic_counter_ops GL_ARB_shader_atomic_counters GL_ARB_shader_ballot GL_ARB_shader_bit_encoding GL_GLW_EXTENSIONS: WGL_ARB_extensions_string WGL_ARB_pixel_format WGL_ATI_pixel_format_float WGL_ARB_pixel_format_float WGL_ARB_multisample WGL_EXT_swap_control WGL_EXT_swap_control_tear WGL_ARB_pbuffer WGL_ARB_render_texture WGL_ARB_make_current_read WGL_EXT_extensions_string WGL_ARB_buffer_region WGL_EXT_framebuffer_sRGB WGL_ATI_render_texture_rectangle WGL_EXT_pixel_format_packed_float WGL_I3D_genlock WGL_NV_swap_group WGL_ARB_create_context WGL_AMD_gpu_association WGL_ARB_create_context_profile WGL_ARB_context_flush_control WGL_NV_DX_interop WGL_ARB_create_context_no_error WGL_NV_DX_interop2 WGL_NV_float_buffer
GL_MAX_TEXTURE_SIZE: 16384
GL_MAX_TEXTURE_UNITS: 8
GL_MAX_CUBE_MAP_TEXTURE_SIZE: 16384
GL_MAX_3D_TEXTURE_SIZE: 2048
GL_MAX_TEXTURE_MAX_ANISOTROPY: 16
GL_MAX_VARYING_FLOATS: 128

mode: -1, windowed
CDS: enabled
picmip: 0
texturemode: GL_LINEAR_MIPMAP_LINEAR
anisotropic filtering: 1
vertical sync: disabled
multitexture: enabled
compiled_vertex_array: enabled
vertex_buffer_object: disabled
texture3D: enabled
draw_range_elements: enabled
occlusion_query: enabled
framebuffer_object: enabled
texture_env_add: enabled
texture_env_combine: enabled
texture_compression: disabled
texture_edge_clamp: enabled
texture_filter_anisotropic: enabled
texture_cube_map: enabled
bgra: enabled
depth_texture: enabled
shadow: enabled
generate_mipmap: enabled
texture_non_power_of_two: enabled
vertex_shader: enabled
fragment_shader: enabled
shader_objects: enabled
shading_language_100: enabled
GLSL: enabled
gamma_control: disabled
swap_control: enabled
----- finished R_Init -----
Unknown command "menu_main"
------- sound initialization -------
Loading sound module: qf
Initializing DirectSound
...loading dsound.dll: ok
...creating DS object: ok
...completed successfully
dsound init succeeded
Sound sampling rate: 44100
Initialization of qf successful
------------------------------------

------- input initialization -------
DirectInput initialized
joystick not found -- no valid joysticks (a5)
------------------------------------

Initializing Shaders:
...loading 'scripts/common.shader'
...loading 'scripts/dcc.shader'
...loading 'scripts/extra.shader'
...loading 'scripts/gfx.shader'
...loading 'scripts/hud.shader'
...loading 'scripts/mapmodels.shader'
...loading 'scripts/medistat.shader'
...loading 'scripts/playerclasses.shader'
...loading 'scripts/samples.shader'
...loading 'scripts/skybox.shader'
...loading 'scripts/terra.shader'
...loading 'scripts/tesla.shader'
...loading 'scripts/ui.shader'
...loading 'scripts/water.shader'
...loading 'scripts/weaponmodels.shader'
...loading 'scripts/world.shader'
--------------------------------------

====== breach Initialized ======
Opening IP socket: localhost:44400
Opening IP socket: localhost:46842
==== Initializing Game Module ====
------- Server Initialization -------
Created OcTree space partition with 1511 nodes in 4 levels
* Initializing gametype scripts
* Initializing Game module syntax
* Loaded script section 'progs/gametypes/breach.as'

INFO : breach.as (line 385, column 1) :
 Compiling void GT_Frame()

ERROR : breach.as (line 387, column 27) :
 Expected '('

ERROR : breach.as (line 387, column 45) :
 Expected ';'
* Failed to build the script breach
Failed to initialize gametype: 'progs/gametypes/breach.gt'.
-------------------------------------
Connecting to loopback...
loopback: challenge 18643
player^7 connected from loopback
loopback: client_connect

^1
^7terra

Asking to download: sounds/nosound.wav
Server refused download request: File not found
Asking to download: sounds/misc/hit_water.wav
Server refused download request: File not found
trap_CM_NumInlineModels 1
Created OcTree space partition with 1511 nodes in 4 levels
CG_ParseRotationBone: No such bone name Bip01 Spine2 in model soldier
CG_SkeletalPoseLerpAttachment: Wrong model or boneposes tag_barrel
player ^7entered the game
]quit
==== G_Shutdown ====
Cmd_RemoveCommand: restart not added
Shutting down sound system
...releasing DS object
...freeing DSOUND.DLL
Cmd_RemoveCommand: +use not added
Cmd_RemoveCommand: -use not added
Winsock Initialized
------- angel script initialization -------
Loading angelwrap module.
LoadLibrary (./libs/angelwrap_x64.dll):()
Loading angelwrap failed
Game running at 62 fps. Server transmit at 20 pps
Console initialized.

----- R_Init -----
Initializing OpenGL display
...setting mode -1: 1280 720 W
...setting windowed mode
GL PFD: color(32-bits) Z(24-bit) stencil(8-bits)

GL_VENDOR: ATI Technologies Inc.
GL_RENDERER: Radeon RX 580 Series
GL_VERSION: 4.6.13596 Compatibility Profile Context 20.10.35.02 27.20.1034.6
GL_EXTENSIONS: GL_AMDX_debug_output GL_AMD_blend_minmax_factor GL_AMD_conservative_depth GL_AMD_debug_output GL_AMD_depth_clamp_separate GL_AMD_draw_buffers_blend GL_AMD_framebuffer_sample_positions GL_AMD_gcn_shader GL_AMD_gpu_shader_half_float GL_AMD_gpu_shader_int16 GL_AMD_gpu_shader_int64 GL_AMD_interleaved_elements GL_AMD_multi_draw_indirect GL_AMD_name_gen_delete GL_AMD_occlusion_query_event GL_AMD_performance_monitor GL_AMD_pinned_memory GL_AMD_query_buffer_object GL_AMD_sample_positions GL_AMD_seamless_cubemap_per_texture GL_AMD_shader_atomic_counter_ops GL_AMD_shader_stencil_export GL_AMD_shader_stencil_value_export GL_AMD_shader_trace GL_AMD_shader_trinary_minmax GL_AMD_sparse_texture GL_AMD_sparse_texture_pool GL_AMD_stencil_operation_extended GL_AMD_texture_cube_map_array GL_AMD_texture_texture4 GL_AMD_transform_feedback3_lines_triangles GL_AMD_transform_feedback4 GL_AMD_vertex_shader_layer GL_AMD_vertex_shader_viewport_index GL_ARB_ES2_compatibility GL_ARB_ES3_1_compatibility GL_ARB_ES3_compatibility GL_ARB_arrays_of_arrays GL_ARB_base_instance GL_ARB_bindless_texture GL_ARB_blend_func_extended GL_ARB_buffer_storage GL_ARB_clear_buffer_object GL_ARB_clear_texture GL_ARB_clip_control GL_ARB_color_buffer_float GL_ARB_compatibility GL_ARB_compressed_texture_pixel_storage GL_ARB_compute_shader GL_ARB_conditional_render_inverted GL_ARB_conservative_depth GL_ARB_copy_buffer GL_ARB_copy_image GL_ARB_cull_distance GL_ARB_debug_output GL_ARB_depth_buffer_float GL_ARB_depth_clamp GL_ARB_depth_texture GL_ARB_derivative_control GL_ARB_direct_state_access GL_ARB_draw_buffers GL_ARB_draw_buffers_blend GL_ARB_draw_elements_base_vertex GL_ARB_draw_indirect GL_ARB_draw_instanced GL_ARB_enhanced_layouts GL_ARB_explicit_attrib_location GL_ARB_explicit_uniform_location GL_ARB_fragment_coord_conventions GL_ARB_fragment_layer_viewport GL_ARB_fragment_program GL_ARB_fragment_program_shadow GL_ARB_fragment_shader GL_ARB_framebuffer_no_attachments GL_ARB_framebuffer_object GL_ARB_framebuffer_sRGB GL_ARB_geometry_shader4 GL_ARB_get_program_binary GL_ARB_get_texture_sub_image GL_ARB_gl_spirv GL_ARB_gpu_shader5 GL_ARB_gpu_shader_fp64 GL_ARB_half_float_pixel GL_ARB_half_float_vertex GL_ARB_imaging GL_ARB_indirect_parameters GL_ARB_instanced_arrays GL_ARB_internalformat_query GL_ARB_internalformat_query2 GL_ARB_invalidate_subdata GL_ARB_map_buffer_alignment GL_ARB_map_buffer_range GL_ARB_multi_bind GL_ARB_multi_draw_indirect GL_ARB_multisample GL_ARB_multitexture GL_ARB_occlusion_query GL_ARB_occlusion_query2 GL_ARB_parallel_shader_compile GL_ARB_pipeline_statistics_query GL_ARB_pixel_buffer_object GL_ARB_point_parameters GL_ARB_point_sprite GL_ARB_polygon_offset_clamp GL_ARB_program_interface_query GL_ARB_provoking_vertex GL_ARB_query_buffer_object GL_ARB_robust_buffer_access_behavior GL_ARB_sample_shading GL_ARB_sampler_objects GL_ARB_seamless_cube_map GL_ARB_seamless_cubemap_per_texture GL_ARB_separate_shader_objects GL_ARB_shader_atomic_counter_ops GL_ARB_shader_atomic_counters GL_ARB_shader_ballot GL_ARB_shader_bit_encoding GL_GLW_EXTENSIONS: WGL_ARB_extensions_string WGL_ARB_pixel_format WGL_ATI_pixel_format_float WGL_ARB_pixel_format_float WGL_ARB_multisample WGL_EXT_swap_control WGL_EXT_swap_control_tear WGL_ARB_pbuffer WGL_ARB_render_texture WGL_ARB_make_current_read WGL_EXT_extensions_string WGL_ARB_buffer_region WGL_EXT_framebuffer_sRGB WGL_ATI_render_texture_rectangle WGL_EXT_pixel_format_packed_float WGL_I3D_genlock WGL_NV_swap_group WGL_ARB_create_context WGL_AMD_gpu_association WGL_ARB_create_context_profile WGL_ARB_context_flush_control WGL_NV_DX_interop WGL_ARB_create_context_no_error WGL_NV_DX_interop2 WGL_NV_float_buffer
GL_MAX_TEXTURE_SIZE: 16384
GL_MAX_TEXTURE_UNITS: 8
GL_MAX_CUBE_MAP_TEXTURE_SIZE: 16384
GL_MAX_3D_TEXTURE_SIZE: 2048
GL_MAX_TEXTURE_MAX_ANISOTROPY: 16
GL_MAX_VARYING_FLOATS: 128

mode: -1, windowed
CDS: enabled
picmip: 0
texturemode: GL_LINEAR_MIPMAP_LINEAR
anisotropic filtering: 1
vertical sync: disabled
multitexture: enabled
compiled_vertex_array: enabled
vertex_buffer_object: disabled
texture3D: enabled
draw_range_elements: enabled
occlusion_query: enabled
framebuffer_object: enabled
texture_env_add: enabled
texture_env_combine: enabled
texture_compression: disabled
texture_edge_clamp: enabled
texture_filter_anisotropic: enabled
texture_cube_map: enabled
bgra: enabled
depth_texture: enabled
shadow: enabled
generate_mipmap: enabled
texture_non_power_of_two: enabled
vertex_shader: enabled
fragment_shader: enabled
shader_objects: enabled
shading_language_100: enabled
GLSL: enabled
gamma_control: disabled
swap_control: enabled
----- finished R_Init -----
Unknown command "menu_main"
------- sound initialization -------
Loading sound module: qf
Initializing DirectSound
...loading dsound.dll: ok
...creating DS object: ok
...completed successfully
dsound init succeeded
Sound sampling rate: 44100
Initialization of qf successful
------------------------------------

------- input initialization -------
DirectInput initialized
joystick not found -- no valid joysticks (a5)
------------------------------------

Initializing Shaders:
...loading 'scripts/common.shader'
...loading 'scripts/dcc.shader'
...loading 'scripts/extra.shader'
...loading 'scripts/gfx.shader'
...loading 'scripts/hud.shader'
...loading 'scripts/mapmodels.shader'
...loading 'scripts/medistat.shader'
...loading 'scripts/playerclasses.shader'
...loading 'scripts/samples.shader'
...loading 'scripts/skybox.shader'
...loading 'scripts/terra.shader'
...loading 'scripts/tesla.shader'
...loading 'scripts/ui.shader'
...loading 'scripts/water.shader'
...loading 'scripts/weaponmodels.shader'
...loading 'scripts/world.shader'
--------------------------------------

====== breach Initialized ======
Opening IP socket: localhost:44400
Opening IP socket: localhost:49768
==== Initializing Game Module ====
------- Server Initialization -------
Created OcTree space partition with 1511 nodes in 4 levels
G_asInitializeGametypeScript: Angelscript API unavailable
Failed to initialize gametype: 'progs/gametypes/breach.gt'.
-------------------------------------
Connecting to loopback...
loopback: challenge 16852
player^7 connected from loopback
loopback: client_connect

^1
^7terra

Asking to download: sounds/nosound.wav
Server refused download request: File not found
Asking to download: sounds/misc/hit_water.wav
Server refused download request: File not found
trap_CM_NumInlineModels 1
Created OcTree space partition with 1511 nodes in 4 levels
CG_ParseRotationBone: No such bone name Bip01 Spine2 in model soldier
CG_SkeletalPoseLerpAttachment: Wrong model or boneposes tag_barrel
player ^7entered the game
Team WORLD is not a valid option
player^7 joined the ALPHA team.
]cl_maxfps 
"cl_maxfps" is "125^7" default: "90^7"
]cl_maxfps 0
]quit 
==== G_Shutdown ====
Cmd_RemoveCommand: restart not added
Shutting down sound system
...releasing DS object
...freeing DSOUND.DLL
Cmd_RemoveCommand: +use not added
Cmd_RemoveCommand: -use not added
