E:\CODE\Breach\tools\qfmap2\qfmap2build\libs\jpeg6\Debug\cl.command.1.tlog
E:\CODE\Breach\tools\qfmap2\qfmap2build\libs\jpeg6\Debug\CL.read.1.tlog
E:\CODE\Breach\tools\qfmap2\qfmap2build\libs\jpeg6\Debug\CL.write.1.tlog
E:\CODE\BREACH\TOOLS\QFMAP2\QFMAP2BUILD\LIBS\JPEG6\DEBUG\JCOMAPI.OBJ
E:\CODE\BREACH\TOOLS\QFMAP2\QFMAP2BUILD\LIBS\JPEG6\DEBUG\JDAPIMIN.OBJ
E:\CODE\BREACH\TOOLS\QFMAP2\QFMAP2BUILD\LIBS\JPEG6\DEBUG\JDAPISTD.OBJ
E:\CODE\BREACH\TOOLS\QFMAP2\QFMAP2BUILD\LIBS\JPEG6\DEBUG\JDATASRC.OBJ
E:\CODE\BREACH\TOOLS\QFMAP2\QFMAP2BUILD\LIBS\JPEG6\DEBUG\JDCOEFCT.OBJ
E:\CODE\BREACH\TOOLS\QFMAP2\QFMAP2BUILD\LIBS\JPEG6\DEBUG\JDCOLOR.OBJ
E:\CODE\BREACH\TOOLS\QFMAP2\QFMAP2BUILD\LIBS\JPEG6\DEBUG\JDDCTMGR.OBJ
E:\CODE\BREACH\TOOLS\QFMAP2\QFMAP2BUILD\LIBS\JPEG6\DEBUG\JDHUFF.OBJ
E:\CODE\BREACH\TOOLS\QFMAP2\QFMAP2BUILD\LIBS\JPEG6\DEBUG\JDINPUT.OBJ
E:\CODE\BREACH\TOOLS\QFMAP2\QFMAP2BUILD\LIBS\JPEG6\DEBUG\JDMAINCT.OBJ
E:\CODE\BREACH\TOOLS\QFMAP2\QFMAP2BUILD\LIBS\JPEG6\DEBUG\JDMARKER.OBJ
E:\CODE\BREACH\TOOLS\QFMAP2\QFMAP2BUILD\LIBS\JPEG6\DEBUG\JDMASTER.OBJ
E:\CODE\BREACH\TOOLS\QFMAP2\QFMAP2BUILD\LIBS\JPEG6\DEBUG\JDPOSTCT.OBJ
E:\CODE\BREACH\TOOLS\QFMAP2\QFMAP2BUILD\LIBS\JPEG6\DEBUG\JDSAMPLE.OBJ
E:\CODE\BREACH\TOOLS\QFMAP2\QFMAP2BUILD\LIBS\JPEG6\DEBUG\JDTRANS.OBJ
E:\CODE\BREACH\TOOLS\QFMAP2\QFMAP2BUILD\LIBS\JPEG6\DEBUG\JERROR.OBJ
E:\CODE\BREACH\TOOLS\QFMAP2\QFMAP2BUILD\LIBS\JPEG6\DEBUG\JFDCTFLT.OBJ
E:\CODE\BREACH\TOOLS\QFMAP2\QFMAP2BUILD\LIBS\JPEG6\DEBUG\JIDCTFLT.OBJ
E:\CODE\BREACH\TOOLS\QFMAP2\QFMAP2BUILD\LIBS\JPEG6\DEBUG\JMEMMGR.OBJ
E:\CODE\BREACH\TOOLS\QFMAP2\QFMAP2BUILD\LIBS\JPEG6\DEBUG\JMEMNOBS.OBJ
E:\CODE\BREACH\TOOLS\QFMAP2\QFMAP2BUILD\LIBS\JPEG6\DEBUG\JPEG6.LIB
E:\CODE\Breach\tools\qfmap2\qfmap2build\libs\jpeg6\Debug\jpeg6.write.1.tlog
E:\CODE\BREACH\TOOLS\QFMAP2\QFMAP2BUILD\LIBS\JPEG6\DEBUG\JPGLOAD.OBJ
E:\CODE\BREACH\TOOLS\QFMAP2\QFMAP2BUILD\LIBS\JPEG6\DEBUG\JUTILS.OBJ
E:\CODE\Breach\tools\qfmap2\qfmap2build\libs\jpeg6\Debug\lib.command.1.tlog
E:\CODE\Breach\tools\qfmap2\qfmap2build\libs\jpeg6\Debug\Lib-link.read.1.tlog
E:\CODE\Breach\tools\qfmap2\qfmap2build\libs\jpeg6\Debug\Lib-link.write.1.tlog
E:\CODE\Breach\tools\qfmap2\qfmap2build\libs\jpeg6\Debug\vc100.idb
E:\CODE\BREACH\TOOLS\QFMAP2\QFMAP2BUILD\LIBS\JPEG6\DEBUG\VC100.PDB
